mode: set
github.com/sayevsky/godis/server/tcpserver.go:8.14,14.16 4 0
github.com/sayevsky/godis/server/tcpserver.go:18.2,25.6 4 0
github.com/sayevsky/godis/server/tcpserver.go:14.16,16.3 1 0
github.com/sayevsky/godis/server/tcpserver.go:25.6,27.17 2 0
github.com/sayevsky/godis/server/tcpserver.go:27.17,29.4 1 0
github.com/sayevsky/godis/server/tcpserver.go:29.4,31.4 1 0
github.com/sayevsky/godis/server/tcpserver.go:38.55,40.6 2 0
github.com/sayevsky/godis/server/tcpserver.go:40.6,43.28 2 0
github.com/sayevsky/godis/server/tcpserver.go:49.3,53.74 3 0
github.com/sayevsky/godis/server/tcpserver.go:43.28,47.4 3 0
github.com/sayevsky/godis/server/command.go:26.45,28.2 1 1
github.com/sayevsky/godis/server/command.go:35.45,37.2 1 1
github.com/sayevsky/godis/server/command.go:47.48,49.2 1 1
github.com/sayevsky/godis/server/command.go:60.47,62.2 1 1
github.com/sayevsky/godis/server/command.go:67.47,69.2 1 0
github.com/sayevsky/godis/server/command.go:72.46,74.2 1 1
github.com/sayevsky/godis/server/command.go:78.60,82.18 2 1
github.com/sayevsky/godis/server/command.go:85.2,86.16 2 1
github.com/sayevsky/godis/server/command.go:90.2,90.13 1 1
github.com/sayevsky/godis/server/command.go:155.2,155.53 1 0
github.com/sayevsky/godis/server/command.go:82.18,84.3 1 1
github.com/sayevsky/godis/server/command.go:86.16,89.3 2 0
github.com/sayevsky/godis/server/command.go:91.2,94.17 2 1
github.com/sayevsky/godis/server/command.go:98.3,99.17 2 1
github.com/sayevsky/godis/server/command.go:103.4,103.67 1 1
github.com/sayevsky/godis/server/command.go:105.2,108.22 2 1
github.com/sayevsky/godis/server/command.go:109.2,111.17 2 1
github.com/sayevsky/godis/server/command.go:114.3,115.22 2 1
github.com/sayevsky/godis/server/command.go:116.2,119.17 2 1
github.com/sayevsky/godis/server/command.go:122.3,123.17 2 1
github.com/sayevsky/godis/server/command.go:127.3,131.17 3 1
github.com/sayevsky/godis/server/command.go:134.3,134.16 1 1
github.com/sayevsky/godis/server/command.go:138.3,138.65 1 1
github.com/sayevsky/godis/server/command.go:139.2,142.17 2 1
github.com/sayevsky/godis/server/command.go:145.3,146.17 2 1
github.com/sayevsky/godis/server/command.go:149.3,149.70 1 1
github.com/sayevsky/godis/server/command.go:150.2,152.61 1 1
github.com/sayevsky/godis/server/command.go:94.17,96.4 1 0
github.com/sayevsky/godis/server/command.go:99.17,101.4 1 0
github.com/sayevsky/godis/server/command.go:111.17,113.4 1 0
github.com/sayevsky/godis/server/command.go:119.17,121.4 1 0
github.com/sayevsky/godis/server/command.go:123.17,125.4 1 0
github.com/sayevsky/godis/server/command.go:131.17,133.4 1 0
github.com/sayevsky/godis/server/command.go:134.16,136.4 1 0
github.com/sayevsky/godis/server/command.go:142.17,144.4 1 0
github.com/sayevsky/godis/server/command.go:146.17,148.4 1 0
github.com/sayevsky/godis/server/command.go:158.68,161.16 2 1
github.com/sayevsky/godis/server/command.go:165.2,166.16 2 1
github.com/sayevsky/godis/server/command.go:169.2,170.16 2 1
github.com/sayevsky/godis/server/command.go:174.2,175.16 2 1
github.com/sayevsky/godis/server/command.go:179.2,180.16 2 1
github.com/sayevsky/godis/server/command.go:184.2,188.16 3 1
github.com/sayevsky/godis/server/command.go:191.2,191.15 1 1
github.com/sayevsky/godis/server/command.go:195.2,195.86 1 1
github.com/sayevsky/godis/server/command.go:161.16,163.3 1 0
github.com/sayevsky/godis/server/command.go:166.16,168.3 1 0
github.com/sayevsky/godis/server/command.go:170.16,172.3 1 0
github.com/sayevsky/godis/server/command.go:175.16,177.3 1 0
github.com/sayevsky/godis/server/command.go:180.16,182.3 1 0
github.com/sayevsky/godis/server/command.go:188.16,190.3 1 0
github.com/sayevsky/godis/server/command.go:191.15,193.3 1 1
github.com/sayevsky/godis/server/command.go:198.79,202.16 2 1
github.com/sayevsky/godis/server/command.go:205.2,205.13 1 1
github.com/sayevsky/godis/server/command.go:202.16,204.3 1 0
github.com/sayevsky/godis/server/command.go:206.2,207.45 1 1
github.com/sayevsky/godis/server/command.go:208.2,212.17 2 1
github.com/sayevsky/godis/server/command.go:215.3,216.37 2 1
github.com/sayevsky/godis/server/command.go:228.3,228.20 1 1
github.com/sayevsky/godis/server/command.go:229.2,235.17 2 1
github.com/sayevsky/godis/server/command.go:238.3,239.41 2 1
github.com/sayevsky/godis/server/command.go:259.3,259.19 1 1
github.com/sayevsky/godis/server/command.go:260.2,261.62 1 0
github.com/sayevsky/godis/server/command.go:212.17,214.4 1 0
github.com/sayevsky/godis/server/command.go:216.37,218.18 2 1
github.com/sayevsky/godis/server/command.go:222.4,223.18 2 1
github.com/sayevsky/godis/server/command.go:226.4,226.25 1 1
github.com/sayevsky/godis/server/command.go:218.18,221.5 1 0
github.com/sayevsky/godis/server/command.go:223.18,225.5 1 0
github.com/sayevsky/godis/server/command.go:235.17,237.4 1 0
github.com/sayevsky/godis/server/command.go:239.41,241.18 2 1
github.com/sayevsky/godis/server/command.go:244.4,245.18 2 1
github.com/sayevsky/godis/server/command.go:248.4,249.18 2 1
github.com/sayevsky/godis/server/command.go:252.4,253.18 2 1
github.com/sayevsky/godis/server/command.go:257.4,257.27 1 1
github.com/sayevsky/godis/server/command.go:241.18,243.5 1 0
github.com/sayevsky/godis/server/command.go:245.18,247.5 1 0
github.com/sayevsky/godis/server/command.go:249.18,251.5 1 0
github.com/sayevsky/godis/server/command.go:253.18,255.5 1 0
github.com/sayevsky/godis/server/command.go:269.65,272.16 3 1
github.com/sayevsky/godis/server/command.go:276.2,276.8 1 1
github.com/sayevsky/godis/server/command.go:272.16,275.3 2 0
github.com/sayevsky/godis/server/command.go:279.84,282.16 3 1
github.com/sayevsky/godis/server/command.go:286.2,286.8 1 1
github.com/sayevsky/godis/server/command.go:282.16,285.3 2 0
github.com/sayevsky/godis/server/command.go:289.65,291.16 2 1
github.com/sayevsky/godis/server/command.go:295.2,295.20 1 1
github.com/sayevsky/godis/server/command.go:298.2,300.8 2 1
github.com/sayevsky/godis/server/command.go:291.16,294.3 2 0
github.com/sayevsky/godis/server/command.go:295.20,297.3 1 0
github.com/sayevsky/godis/server/command.go:303.82,306.28 3 1
github.com/sayevsky/godis/server/command.go:310.2,314.45 4 1
github.com/sayevsky/godis/server/command.go:319.2,319.8 1 1
github.com/sayevsky/godis/server/command.go:306.28,309.3 2 0
github.com/sayevsky/godis/server/command.go:314.45,317.3 2 0
github.com/sayevsky/godis/server/storage.go:24.39,37.18 2 0
github.com/sayevsky/godis/server/storage.go:47.2,47.34 1 0
github.com/sayevsky/godis/server/storage.go:94.2,94.23 1 0
github.com/sayevsky/godis/server/storage.go:37.18,45.3 7 0
github.com/sayevsky/godis/server/storage.go:48.2,53.29 5 0
github.com/sayevsky/godis/server/storage.go:54.2,58.33 4 0
github.com/sayevsky/godis/server/storage.go:64.2,68.26 4 0
github.com/sayevsky/godis/server/storage.go:78.2,81.29 3 0
github.com/sayevsky/godis/server/storage.go:82.2,83.36 1 0
github.com/sayevsky/godis/server/storage.go:85.2,91.29 6 0
github.com/sayevsky/godis/server/storage.go:58.33,63.4 4 0
github.com/sayevsky/godis/server/storage.go:68.26,77.4 8 0
github.com/sayevsky/godis/server/storage.go:96.38,98.2 1 0
github.com/sayevsky/godis/server/storage.go:103.54,105.19 2 1
github.com/sayevsky/godis/server/storage.go:108.2,109.12 2 1
github.com/sayevsky/godis/server/storage.go:105.19,107.3 1 1
github.com/sayevsky/godis/server/storage.go:112.69,113.25 1 1
github.com/sayevsky/godis/server/storage.go:116.2,117.56 2 1
github.com/sayevsky/godis/server/storage.go:113.25,115.3 1 0
github.com/sayevsky/godis/server/storage.go:117.56,119.3 1 1
github.com/sayevsky/godis/server/storage.go:119.3,121.3 1 1
github.com/sayevsky/godis/server/storage.go:124.56,126.6 2 1
github.com/sayevsky/godis/server/storage.go:126.6,129.3 2 1
github.com/sayevsky/godis/server/storage.go:132.74,134.24 1 1
github.com/sayevsky/godis/server/storage.go:137.2,139.6 2 1
github.com/sayevsky/godis/server/storage.go:134.24,136.3 1 1
github.com/sayevsky/godis/server/storage.go:139.6,141.36 2 1
github.com/sayevsky/godis/server/storage.go:142.3,143.53 1 1
github.com/sayevsky/godis/server/storage.go:147.4,151.58 4 1
github.com/sayevsky/godis/server/storage.go:152.3,155.42 2 1
github.com/sayevsky/godis/server/storage.go:158.4,161.20 4 1
github.com/sayevsky/godis/server/storage.go:167.4,167.56 1 1
github.com/sayevsky/godis/server/storage.go:168.3,171.18 3 0
github.com/sayevsky/godis/server/storage.go:175.4,175.56 1 0
github.com/sayevsky/godis/server/storage.go:177.3,181.20 4 0
github.com/sayevsky/godis/server/storage.go:185.4,186.27 2 0
github.com/sayevsky/godis/server/storage.go:193.4,193.57 1 0
github.com/sayevsky/godis/server/storage.go:194.3,198.27 2 1
github.com/sayevsky/godis/server/storage.go:204.4,205.29 2 1
github.com/sayevsky/godis/server/storage.go:214.3,216.57 2 1
github.com/sayevsky/godis/server/storage.go:143.53,145.10 2 0
github.com/sayevsky/godis/server/storage.go:155.42,157.5 1 1
github.com/sayevsky/godis/server/storage.go:161.20,163.5 1 1
github.com/sayevsky/godis/server/storage.go:163.5,166.5 1 1
github.com/sayevsky/godis/server/storage.go:171.18,174.5 2 0
github.com/sayevsky/godis/server/storage.go:181.20,183.10 2 0
github.com/sayevsky/godis/server/storage.go:186.27,188.16 2 0
github.com/sayevsky/godis/server/storage.go:188.16,191.6 2 0
github.com/sayevsky/godis/server/storage.go:198.27,200.5 1 0
github.com/sayevsky/godis/server/storage.go:205.29,206.27 1 1
github.com/sayevsky/godis/server/storage.go:209.5,209.33 1 1
github.com/sayevsky/godis/server/storage.go:206.27,207.11 1 0
github.com/sayevsky/godis/server/storage.go:209.33,211.6 1 1
